C:\Program Files\Microsoft Visual Studio\2022\Enterprise\MSBuild\Microsoft\VC\v170\Microsoft.CppBuild.targets(517,5): warning MSB8028: The intermediate directory (Debug\) contains files shared from another project (animationcontroller.vcxproj).  This can lead to incorrect clean and rebuild behavior.
  Source.c
C:\Users\64272\Documents\uni\uni stuff yr 2\comp612graphics\612graphics_repos\projectstuff\heliproject\animationcontroller\animationcontroller\Source.c(104,9): warning C4305: 'initializing': truncation from 'double' to 'GLfloat'
C:\Users\64272\Documents\uni\uni stuff yr 2\comp612graphics\612graphics_repos\projectstuff\heliproject\animationcontroller\animationcontroller\Source.c(105,9): warning C4305: 'initializing': truncation from 'double' to 'GLfloat'
C:\Users\64272\Documents\uni\uni stuff yr 2\comp612graphics\612graphics_repos\projectstuff\heliproject\animationcontroller\animationcontroller\Source.c(106,9): warning C4305: 'initializing': truncation from 'double' to 'GLfloat'
C:\Users\64272\Documents\uni\uni stuff yr 2\comp612graphics\612graphics_repos\projectstuff\heliproject\animationcontroller\animationcontroller\Source.c(308,31): warning C4244: 'function': conversion from 'double' to 'GLfloat', possible loss of data
C:\Users\64272\Documents\uni\uni stuff yr 2\comp612graphics\612graphics_repos\projectstuff\heliproject\animationcontroller\animationcontroller\Source.c(310,24): warning C4305: 'function': truncation from 'double' to 'GLfloat'
C:\Users\64272\Documents\uni\uni stuff yr 2\comp612graphics\612graphics_repos\projectstuff\heliproject\animationcontroller\animationcontroller\Source.c(310,30): warning C4305: 'function': truncation from 'double' to 'GLfloat'
C:\Users\64272\Documents\uni\uni stuff yr 2\comp612graphics\612graphics_repos\projectstuff\heliproject\animationcontroller\animationcontroller\Source.c(310,41): warning C4305: 'function': truncation from 'double' to 'GLfloat'
C:\Users\64272\Documents\uni\uni stuff yr 2\comp612graphics\612graphics_repos\projectstuff\heliproject\animationcontroller\animationcontroller\Source.c(310,48): warning C4305: 'function': truncation from 'double' to 'GLfloat'
C:\Users\64272\Documents\uni\uni stuff yr 2\comp612graphics\612graphics_repos\projectstuff\heliproject\animationcontroller\animationcontroller\Source.c(310,54): warning C4305: 'function': truncation from 'double' to 'GLfloat'
C:\Users\64272\Documents\uni\uni stuff yr 2\comp612graphics\612graphics_repos\projectstuff\heliproject\animationcontroller\animationcontroller\Source.c(312,25): warning C4305: 'function': truncation from 'double' to 'GLfloat'
C:\Users\64272\Documents\uni\uni stuff yr 2\comp612graphics\612graphics_repos\projectstuff\heliproject\animationcontroller\animationcontroller\Source.c(312,31): warning C4305: 'function': truncation from 'double' to 'GLfloat'
C:\Users\64272\Documents\uni\uni stuff yr 2\comp612graphics\612graphics_repos\projectstuff\heliproject\animationcontroller\animationcontroller\Source.c(312,43): warning C4305: 'function': truncation from 'double' to 'GLfloat'
C:\Users\64272\Documents\uni\uni stuff yr 2\comp612graphics\612graphics_repos\projectstuff\heliproject\animationcontroller\animationcontroller\Source.c(312,50): warning C4305: 'function': truncation from 'double' to 'GLfloat'
C:\Users\64272\Documents\uni\uni stuff yr 2\comp612graphics\612graphics_repos\projectstuff\heliproject\animationcontroller\animationcontroller\Source.c(312,56): warning C4305: 'function': truncation from 'double' to 'GLfloat'
C:\Users\64272\Documents\uni\uni stuff yr 2\comp612graphics\612graphics_repos\projectstuff\heliproject\animationcontroller\animationcontroller\Source.c(328,21): warning C4305: 'function': truncation from 'double' to 'GLfloat'
C:\Users\64272\Documents\uni\uni stuff yr 2\comp612graphics\612graphics_repos\projectstuff\heliproject\animationcontroller\animationcontroller\Source.c(332,35): warning C4305: 'function': truncation from 'double' to 'GLfloat'
C:\Users\64272\Documents\uni\uni stuff yr 2\comp612graphics\612graphics_repos\projectstuff\heliproject\animationcontroller\animationcontroller\Source.c(332,41): warning C4305: 'function': truncation from 'double' to 'GLfloat'
C:\Users\64272\Documents\uni\uni stuff yr 2\comp612graphics\612graphics_repos\projectstuff\heliproject\animationcontroller\animationcontroller\Source.c(332,47): warning C4305: 'function': truncation from 'double' to 'GLfloat'
C:\Users\64272\Documents\uni\uni stuff yr 2\comp612graphics\612graphics_repos\projectstuff\heliproject\animationcontroller\animationcontroller\Source.c(332,54): warning C4305: 'function': truncation from 'double' to 'GLfloat'
C:\Users\64272\Documents\uni\uni stuff yr 2\comp612graphics\612graphics_repos\projectstuff\heliproject\animationcontroller\animationcontroller\Source.c(334,30): warning C4305: 'function': truncation from 'double' to 'GLfloat'
C:\Users\64272\Documents\uni\uni stuff yr 2\comp612graphics\612graphics_repos\projectstuff\heliproject\animationcontroller\animationcontroller\Source.c(334,41): warning C4305: 'function': truncation from 'double' to 'GLfloat'
C:\Users\64272\Documents\uni\uni stuff yr 2\comp612graphics\612graphics_repos\projectstuff\heliproject\animationcontroller\animationcontroller\Source.c(334,48): warning C4305: 'function': truncation from 'double' to 'GLfloat'
C:\Users\64272\Documents\uni\uni stuff yr 2\comp612graphics\612graphics_repos\projectstuff\heliproject\animationcontroller\animationcontroller\Source.c(334,54): warning C4305: 'function': truncation from 'double' to 'GLfloat'
C:\Users\64272\Documents\uni\uni stuff yr 2\comp612graphics\612graphics_repos\projectstuff\heliproject\animationcontroller\animationcontroller\Source.c(346,33): warning C4305: 'function': truncation from 'double' to 'GLfloat'
C:\Users\64272\Documents\uni\uni stuff yr 2\comp612graphics\612graphics_repos\projectstuff\heliproject\animationcontroller\animationcontroller\Source.c(346,39): warning C4305: 'function': truncation from 'double' to 'GLfloat'
C:\Users\64272\Documents\uni\uni stuff yr 2\comp612graphics\612graphics_repos\projectstuff\heliproject\animationcontroller\animationcontroller\Source.c(346,46): warning C4305: 'function': truncation from 'double' to 'GLfloat'
C:\Users\64272\Documents\uni\uni stuff yr 2\comp612graphics\612graphics_repos\projectstuff\heliproject\animationcontroller\animationcontroller\Source.c(346,52): warning C4305: 'function': truncation from 'double' to 'GLfloat'
C:\Users\64272\Documents\uni\uni stuff yr 2\comp612graphics\612graphics_repos\projectstuff\heliproject\animationcontroller\animationcontroller\Source.c(348,23): warning C4305: 'function': truncation from 'double' to 'GLfloat'
C:\Users\64272\Documents\uni\uni stuff yr 2\comp612graphics\612graphics_repos\projectstuff\heliproject\animationcontroller\animationcontroller\Source.c(348,36): warning C4305: 'function': truncation from 'double' to 'GLfloat'
C:\Users\64272\Documents\uni\uni stuff yr 2\comp612graphics\612graphics_repos\projectstuff\heliproject\animationcontroller\animationcontroller\Source.c(348,43): warning C4305: 'function': truncation from 'double' to 'GLfloat'
C:\Users\64272\Documents\uni\uni stuff yr 2\comp612graphics\612graphics_repos\projectstuff\heliproject\animationcontroller\animationcontroller\Source.c(348,49): warning C4305: 'function': truncation from 'double' to 'GLfloat'
C:\Users\64272\Documents\uni\uni stuff yr 2\comp612graphics\612graphics_repos\projectstuff\heliproject\animationcontroller\animationcontroller\Source.c(792,43): warning C4244: '+=': conversion from 'double' to 'GLfloat', possible loss of data
C:\Users\64272\Documents\uni\uni stuff yr 2\comp612graphics\612graphics_repos\projectstuff\heliproject\animationcontroller\animationcontroller\Source.c(797,43): warning C4244: '-=': conversion from 'double' to 'GLfloat', possible loss of data
C:\Users\64272\Documents\uni\uni stuff yr 2\comp612graphics\612graphics_repos\projectstuff\heliproject\animationcontroller\animationcontroller\Source.c(800,44): warning C4244: '-=': conversion from 'double' to 'GLfloat', possible loss of data
C:\Users\64272\Documents\uni\uni stuff yr 2\comp612graphics\612graphics_repos\projectstuff\heliproject\animationcontroller\animationcontroller\Source.c(862,15): warning C4244: '=': conversion from 'double' to 'GLfloat', possible loss of data
C:\Users\64272\Documents\uni\uni stuff yr 2\comp612graphics\612graphics_repos\projectstuff\heliproject\animationcontroller\animationcontroller\Source.c(869,24): warning C4244: '=': conversion from 'double' to 'GLfloat', possible loss of data
C:\Users\64272\Documents\uni\uni stuff yr 2\comp612graphics\612graphics_repos\projectstuff\heliproject\animationcontroller\animationcontroller\Source.c(870,24): warning C4244: '=': conversion from 'double' to 'GLfloat', possible loss of data
C:\Users\64272\Documents\uni\uni stuff yr 2\comp612graphics\612graphics_repos\projectstuff\heliproject\animationcontroller\animationcontroller\Source.c(880,29): warning C4244: '-=': conversion from 'double' to 'GLfloat', possible loss of data
C:\Users\64272\Documents\uni\uni stuff yr 2\comp612graphics\612graphics_repos\projectstuff\heliproject\animationcontroller\animationcontroller\Source.c(881,29): warning C4244: '-=': conversion from 'double' to 'GLfloat', possible loss of data
C:\Users\64272\Documents\uni\uni stuff yr 2\comp612graphics\612graphics_repos\projectstuff\heliproject\animationcontroller\animationcontroller\Source.c(882,28): warning C4244: '-=': conversion from 'double' to 'GLfloat', possible loss of data
C:\Users\64272\Documents\uni\uni stuff yr 2\comp612graphics\612graphics_repos\projectstuff\heliproject\animationcontroller\animationcontroller\Source.c(883,28): warning C4244: '-=': conversion from 'double' to 'GLfloat', possible loss of data
C:\Users\64272\Documents\uni\uni stuff yr 2\comp612graphics\612graphics_repos\projectstuff\heliproject\animationcontroller\animationcontroller\Source.c(889,29): warning C4244: '+=': conversion from 'double' to 'GLfloat', possible loss of data
C:\Users\64272\Documents\uni\uni stuff yr 2\comp612graphics\612graphics_repos\projectstuff\heliproject\animationcontroller\animationcontroller\Source.c(890,29): warning C4244: '-=': conversion from 'double' to 'GLfloat', possible loss of data
C:\Users\64272\Documents\uni\uni stuff yr 2\comp612graphics\612graphics_repos\projectstuff\heliproject\animationcontroller\animationcontroller\Source.c(891,28): warning C4244: '+=': conversion from 'double' to 'GLfloat', possible loss of data
C:\Users\64272\Documents\uni\uni stuff yr 2\comp612graphics\612graphics_repos\projectstuff\heliproject\animationcontroller\animationcontroller\Source.c(892,28): warning C4244: '-=': conversion from 'double' to 'GLfloat', possible loss of data
C:\Users\64272\Documents\uni\uni stuff yr 2\comp612graphics\612graphics_repos\projectstuff\heliproject\animationcontroller\animationcontroller\Source.c(898,16): warning C4244: '+=': conversion from 'double' to 'GLfloat', possible loss of data
  animationcontroller.vcxproj -> C:\Users\64272\Documents\uni\uni stuff yr 2\comp612graphics\612graphics_repos\projectstuff\heliproject\animationcontroller\Debug\heliproj.exe
  C:\Users\64272\Documents\uni\uni stuff yr 2\comp612graphics\612graphics_repos\projectstuff\heliproject\animationcontroller\animationcontroller\freeglut\bin\freeglut.dll
  1 File(s) copied
